C:\OPENGL\TUTORIALS\OPENGL3\X64\DEBUG\DISPLAY.OBJ
C:\OPENGL\TUTORIALS\OPENGL3\X64\DEBUG\MAIN.OBJ
C:\OPENGL\TUTORIALS\OPENGL3\X64\DEBUG\VC110.PDB
C:\OPENGL\TUTORIALS\OPENGL3\X64\DEBUG\OPENGL3.ILK
C:\OPENGL\TUTORIALS\OPENGL3\X64\DEBUG\OPENGL3.EXE
C:\OPENGL\TUTORIALS\OPENGL3\X64\DEBUG\OPENGL3.PDB
C:\OpenGL\tutorials\openGL3\x64\Debug\display.obj
C:\OpenGL\tutorials\openGL3\x64\Debug\main.obj
C:\OpenGL\tutorials\openGL3\x64\Debug\openGL3.ilk
C:\OpenGL\tutorials\openGL3\x64\Debug\cl.command.1.tlog
C:\OpenGL\tutorials\openGL3\x64\Debug\CL.read.1.tlog
C:\OpenGL\tutorials\openGL3\x64\Debug\CL.write.1.tlog
C:\OpenGL\tutorials\openGL3\x64\Debug\link-cvtres.read.1.tlog
C:\OpenGL\tutorials\openGL3\x64\Debug\link-cvtres.write.1.tlog
C:\OpenGL\tutorials\openGL3\x64\Debug\link-rc.read.1.tlog
C:\OpenGL\tutorials\openGL3\x64\Debug\link-rc.write.1.tlog
C:\OpenGL\tutorials\openGL3\x64\Debug\link.command.1.tlog
C:\OpenGL\tutorials\openGL3\x64\Debug\link.read.1.tlog
C:\OpenGL\tutorials\openGL3\x64\Debug\link.write.1.tlog
C:\OpenGL\tutorials\openGL3\x64\Debug\vc110.idb
C:\OpenGL\tutorials\openGL3\x64\Debug\openGL3.pdb
C:\OpenGL\tutorials\openGL3\x64\Debug\vc110.pdb
C:\OpenGL\tutorials\openGL3\x64\Debug\openGL3.exe
